<?xml version="1.0" encoding="UTF-8"?>
<!-- Generated by org.testng.reporters.JUnitReportReporter -->
<testsuite skipped="0" hostname="A" name="com.qa.test.LoginPageTest" tests="2" failures="0" timestamp="2020-04-18T16:54:50 IST" time="135.233" errors="0">
  <testcase name="check_image_Test" time="95.414" classname="com.qa.test.LoginPageTest"/>
  <system-out/>
  <testcase name="check_Title_Test" time="39.819" classname="com.qa.test.LoginPageTest"/>
  <system-out/>
</testsuite> <!-- com.qa.test.LoginPageTest -->
